[debug] [2026-03-13T05:37:54.379Z] ----------------------------------------------------------------------
[debug] [2026-03-13T05:37:54.381Z] Command:       C:\Program Files\nodejs\node.exe C:\Users\tasni\AppData\Roaming\npm\node_modules\firebase-tools\lib\bin\firebase.js apphosting:backends:create --project saweg-f8c50
[debug] [2026-03-13T05:37:54.382Z] CLI Version:   15.10.0
[debug] [2026-03-13T05:37:54.382Z] Platform:      win32
[debug] [2026-03-13T05:37:54.382Z] Node Version:  v24.12.0
[debug] [2026-03-13T05:37:54.382Z] Time:          Fri Mar 13 2026 06:37:54 GMT+0100 (heure normale d’Europe centrale)
[debug] [2026-03-13T05:37:54.382Z] ----------------------------------------------------------------------
[debug] 
[debug] [2026-03-13T05:37:54.595Z] > command requires scopes: ["email","openid","https://www.googleapis.com/auth/cloudplatformprojects.readonly","https://www.googleapis.com/auth/firebase","https://www.googleapis.com/auth/cloud-platform"]
[debug] [2026-03-13T05:37:54.595Z] > authorizing via signed-in user (tasnim.nefzi@esprit.tn)
[debug] [2026-03-13T05:37:54.596Z] Checked if tokens are valid: false, expires at: 1773360009169
[debug] [2026-03-13T05:37:54.597Z] Checked if tokens are valid: false, expires at: 1773360009169
[debug] [2026-03-13T05:37:54.597Z] > refreshing access token with scopes: []
[debug] [2026-03-13T05:37:54.598Z] >>> [apiv2][query] POST https://www.googleapis.com/oauth2/v3/token [none]
[debug] [2026-03-13T05:37:54.598Z] >>> [apiv2][body] POST https://www.googleapis.com/oauth2/v3/token [omitted]
[debug] [2026-03-13T05:37:54.806Z] <<< [apiv2][status] POST https://www.googleapis.com/oauth2/v3/token 200
[debug] [2026-03-13T05:37:54.806Z] <<< [apiv2][body] POST https://www.googleapis.com/oauth2/v3/token [omitted]
[debug] [2026-03-13T05:37:54.825Z] >>> [apiv2][query] GET https://serviceusage.googleapis.com/v1/projects/saweg-f8c50/services/firebaseapphosting.googleapis.com [none]
[debug] [2026-03-13T05:37:54.825Z] >>> [apiv2][(partial)header] GET https://serviceusage.googleapis.com/v1/projects/saweg-f8c50/services/firebaseapphosting.googleapis.com  x-goog-user-project=saweg-f8c50
[debug] [2026-03-13T05:37:55.972Z] <<< [apiv2][status] GET https://serviceusage.googleapis.com/v1/projects/saweg-f8c50/services/firebaseapphosting.googleapis.com 200
[debug] [2026-03-13T05:37:55.972Z] <<< [apiv2][body] GET https://serviceusage.googleapis.com/v1/projects/saweg-f8c50/services/firebaseapphosting.googleapis.com [omitted]
[debug] [2026-03-13T05:37:55.972Z] Checked if tokens are valid: true, expires at: 1773383873806
[debug] [2026-03-13T05:37:55.972Z] Checked if tokens are valid: true, expires at: 1773383873806
[debug] [2026-03-13T05:37:55.973Z] >>> [apiv2][query] POST https://serviceusage.googleapis.com/v1/projects/saweg-f8c50/services/firebaseapphosting.googleapis.com:enable [none]
[debug] [2026-03-13T05:37:55.973Z] >>> [apiv2][(partial)header] POST https://serviceusage.googleapis.com/v1/projects/saweg-f8c50/services/firebaseapphosting.googleapis.com:enable  x-goog-user-project=saweg-f8c50
[debug] [2026-03-13T05:37:56.599Z] <<< [apiv2][status] POST https://serviceusage.googleapis.com/v1/projects/saweg-f8c50/services/firebaseapphosting.googleapis.com:enable 200
[debug] [2026-03-13T05:37:56.599Z] <<< [apiv2][body] POST https://serviceusage.googleapis.com/v1/projects/saweg-f8c50/services/firebaseapphosting.googleapis.com:enable [omitted]
[debug] [2026-03-13T05:38:06.610Z] Checked if tokens are valid: true, expires at: 1773383873806
[debug] [2026-03-13T05:38:06.610Z] Checked if tokens are valid: true, expires at: 1773383873806
[debug] [2026-03-13T05:38:06.610Z] >>> [apiv2][query] GET https://mobilesdk-pa.googleapis.com/v1/accessmanagement/tos:getStatus [none]
[debug] [2026-03-13T05:38:07.016Z] <<< [apiv2][status] GET https://mobilesdk-pa.googleapis.com/v1/accessmanagement/tos:getStatus 200
[debug] [2026-03-13T05:38:07.016Z] <<< [apiv2][body] GET https://mobilesdk-pa.googleapis.com/v1/accessmanagement/tos:getStatus {"overallStatus":"ACCEPTED","uTosStatus":{"tos":{"id":"firebase","tosId":"FIREBASE_UNIVERSAL"},"status":"ACCEPTED","acceptedVersion":7},"childTosStatus":[{"tos":{"id":"cloud","tosId":"CLOUD_PLATFORM"},"status":"ACCEPTED","acceptedVersion":39},{"tos":{"id":"firebase_b2b","tosId":"FIREBASE_B2B"},"status":"ACCEPTED","acceptedVersion":1},{"tos":{"id":"universal","tosId":"GOOGLE_APIS"},"status":"ACCEPTED","acceptedVersion":6}],"termsUrl":"https://firebase.google.com/terms","perServiceStatus":[{"tosId":"APP_CHECK","serviceStatus":{"tos":{"id":"app_check","tosId":"APP_CHECK"},"status":"ACCEPTED","acceptedVersion":3}},{"tosId":"APP_HOSTING_TOS","serviceStatus":{"tos":{"id":"app_hosting","tosId":"APP_HOSTING_TOS"},"status":"ACCEPTED","acceptedVersion":3}},{"tosId":"FIREBASE_DATA_CONNECT","serviceStatus":{"tos":{"id":"data_connect","tosId":"FIREBASE_DATA_CONNECT"},"status":"ACCEPTED","acceptedVersion":3}},{"tosId":"CORE_APPS","serviceStatus":{"tos":{"id":"core_apps","tosId":"CORE_APPS"},"status":"ACCEPTED","acceptedVersion":1}},{"tosId":"VERTEX_AI_IN_FIREBASE","serviceStatus":{"tos":{"id":"vertex_ai_in_firebase","tosId":"VERTEX_AI_IN_FIREBASE"},"status":"ACCEPTED","acceptedVersion":2}},{"tosId":"FIREBASE_CRASHLYTICS_APP_DISTRIBUTION","serviceStatus":{"tos":{"id":"firebase_crashlytics_app_distribution","tosId":"FIREBASE_CRASHLYTICS_APP_DISTRIBUTION"},"status":"ACCEPTED","acceptedVersion":4}},{"tosId":"GENERATIVE_LANGUAGE","serviceStatus":{"tos":{"id":"generative-language-api","tosId":"GENERATIVE_LANGUAGE"},"status":"ACCEPTED","acceptedVersion":3}}]}
[debug] [2026-03-13T05:38:07.017Z] Checked if tokens are valid: true, expires at: 1773383873806
[debug] [2026-03-13T05:38:07.017Z] Checked if tokens are valid: true, expires at: 1773383873806
[debug] [2026-03-13T05:38:07.017Z] Checked if tokens are valid: true, expires at: 1773383873806
[debug] [2026-03-13T05:38:07.017Z] Checked if tokens are valid: true, expires at: 1773383873806
[debug] [2026-03-13T05:38:07.017Z] Checked if tokens are valid: true, expires at: 1773383873806
[debug] [2026-03-13T05:38:07.017Z] Checked if tokens are valid: true, expires at: 1773383873806
[debug] [2026-03-13T05:38:07.017Z] Checked if tokens are valid: true, expires at: 1773383873806
[debug] [2026-03-13T05:38:07.018Z] Checked if tokens are valid: true, expires at: 1773383873806
[debug] [2026-03-13T05:38:07.018Z] Checked if tokens are valid: true, expires at: 1773383873806
[debug] [2026-03-13T05:38:07.018Z] Checked if tokens are valid: true, expires at: 1773383873806
[debug] [2026-03-13T05:38:07.018Z] Checked if tokens are valid: true, expires at: 1773383873806
[debug] [2026-03-13T05:38:07.018Z] Checked if tokens are valid: true, expires at: 1773383873806
[debug] [2026-03-13T05:38:07.018Z] >>> [apiv2][query] GET https://serviceusage.googleapis.com/v1/projects/saweg-f8c50/services/developerconnect.googleapis.com [none]
[debug] [2026-03-13T05:38:07.018Z] >>> [apiv2][(partial)header] GET https://serviceusage.googleapis.com/v1/projects/saweg-f8c50/services/developerconnect.googleapis.com  x-goog-user-project=saweg-f8c50
[debug] [2026-03-13T05:38:07.019Z] >>> [apiv2][query] GET https://serviceusage.googleapis.com/v1/projects/saweg-f8c50/services/cloudbuild.googleapis.com [none]
[debug] [2026-03-13T05:38:07.019Z] >>> [apiv2][(partial)header] GET https://serviceusage.googleapis.com/v1/projects/saweg-f8c50/services/cloudbuild.googleapis.com  x-goog-user-project=saweg-f8c50
[debug] [2026-03-13T05:38:07.020Z] >>> [apiv2][query] GET https://serviceusage.googleapis.com/v1/projects/saweg-f8c50/services/secretmanager.googleapis.com [none]
[debug] [2026-03-13T05:38:07.020Z] >>> [apiv2][(partial)header] GET https://serviceusage.googleapis.com/v1/projects/saweg-f8c50/services/secretmanager.googleapis.com  x-goog-user-project=saweg-f8c50
[debug] [2026-03-13T05:38:07.021Z] >>> [apiv2][query] GET https://serviceusage.googleapis.com/v1/projects/saweg-f8c50/services/run.googleapis.com [none]
[debug] [2026-03-13T05:38:07.021Z] >>> [apiv2][(partial)header] GET https://serviceusage.googleapis.com/v1/projects/saweg-f8c50/services/run.googleapis.com  x-goog-user-project=saweg-f8c50
[debug] [2026-03-13T05:38:07.022Z] >>> [apiv2][query] GET https://serviceusage.googleapis.com/v1/projects/saweg-f8c50/services/artifactregistry.googleapis.com [none]
[debug] [2026-03-13T05:38:07.022Z] >>> [apiv2][(partial)header] GET https://serviceusage.googleapis.com/v1/projects/saweg-f8c50/services/artifactregistry.googleapis.com  x-goog-user-project=saweg-f8c50
[debug] [2026-03-13T05:38:07.022Z] >>> [apiv2][query] GET https://serviceusage.googleapis.com/v1/projects/saweg-f8c50/services/iam.googleapis.com [none]
[debug] [2026-03-13T05:38:07.023Z] >>> [apiv2][(partial)header] GET https://serviceusage.googleapis.com/v1/projects/saweg-f8c50/services/iam.googleapis.com  x-goog-user-project=saweg-f8c50
[debug] [2026-03-13T05:38:07.979Z] <<< [apiv2][status] GET https://serviceusage.googleapis.com/v1/projects/saweg-f8c50/services/secretmanager.googleapis.com 200
[debug] [2026-03-13T05:38:07.979Z] <<< [apiv2][body] GET https://serviceusage.googleapis.com/v1/projects/saweg-f8c50/services/secretmanager.googleapis.com [omitted]
[debug] [2026-03-13T05:38:07.986Z] <<< [apiv2][status] GET https://serviceusage.googleapis.com/v1/projects/saweg-f8c50/services/developerconnect.googleapis.com 200
[debug] [2026-03-13T05:38:07.986Z] <<< [apiv2][body] GET https://serviceusage.googleapis.com/v1/projects/saweg-f8c50/services/developerconnect.googleapis.com [omitted]
[debug] [2026-03-13T05:38:07.986Z] Checked if tokens are valid: true, expires at: 1773383873806
[debug] [2026-03-13T05:38:07.986Z] Checked if tokens are valid: true, expires at: 1773383873806
[debug] [2026-03-13T05:38:07.986Z] >>> [apiv2][query] POST https://serviceusage.googleapis.com/v1/projects/saweg-f8c50/services/developerconnect.googleapis.com:enable [none]
[debug] [2026-03-13T05:38:07.986Z] >>> [apiv2][(partial)header] POST https://serviceusage.googleapis.com/v1/projects/saweg-f8c50/services/developerconnect.googleapis.com:enable  x-goog-user-project=saweg-f8c50
[debug] [2026-03-13T05:38:07.992Z] <<< [apiv2][status] GET https://serviceusage.googleapis.com/v1/projects/saweg-f8c50/services/run.googleapis.com 200
[debug] [2026-03-13T05:38:07.992Z] <<< [apiv2][body] GET https://serviceusage.googleapis.com/v1/projects/saweg-f8c50/services/run.googleapis.com [omitted]
[debug] [2026-03-13T05:38:07.998Z] <<< [apiv2][status] GET https://serviceusage.googleapis.com/v1/projects/saweg-f8c50/services/iam.googleapis.com 200
[debug] [2026-03-13T05:38:07.998Z] <<< [apiv2][body] GET https://serviceusage.googleapis.com/v1/projects/saweg-f8c50/services/iam.googleapis.com [omitted]
[debug] [2026-03-13T05:38:08.003Z] <<< [apiv2][status] GET https://serviceusage.googleapis.com/v1/projects/saweg-f8c50/services/cloudbuild.googleapis.com 200
[debug] [2026-03-13T05:38:08.003Z] <<< [apiv2][body] GET https://serviceusage.googleapis.com/v1/projects/saweg-f8c50/services/cloudbuild.googleapis.com [omitted]
[debug] [2026-03-13T05:38:08.010Z] <<< [apiv2][status] GET https://serviceusage.googleapis.com/v1/projects/saweg-f8c50/services/artifactregistry.googleapis.com 200
[debug] [2026-03-13T05:38:08.010Z] <<< [apiv2][body] GET https://serviceusage.googleapis.com/v1/projects/saweg-f8c50/services/artifactregistry.googleapis.com [omitted]
[debug] [2026-03-13T05:38:08.787Z] <<< [apiv2][status] POST https://serviceusage.googleapis.com/v1/projects/saweg-f8c50/services/developerconnect.googleapis.com:enable 200
[debug] [2026-03-13T05:38:08.787Z] <<< [apiv2][body] POST https://serviceusage.googleapis.com/v1/projects/saweg-f8c50/services/developerconnect.googleapis.com:enable [omitted]
[debug] [2026-03-13T05:38:18.799Z] Checked if tokens are valid: true, expires at: 1773383873806
[debug] [2026-03-13T05:38:18.799Z] Checked if tokens are valid: true, expires at: 1773383873806
[debug] [2026-03-13T05:38:18.799Z] >>> [apiv2][query] POST https://iam.googleapis.com/v1/projects/saweg-f8c50/serviceAccounts/firebase-app-hosting-compute@saweg-f8c50.iam.gserviceaccount.com:testIamPermissions [none]
[debug] [2026-03-13T05:38:18.799Z] >>> [apiv2][(partial)header] POST https://iam.googleapis.com/v1/projects/saweg-f8c50/serviceAccounts/firebase-app-hosting-compute@saweg-f8c50.iam.gserviceaccount.com:testIamPermissions  x-goog-user-project=saweg-f8c50
[debug] [2026-03-13T05:38:18.799Z] >>> [apiv2][body] POST https://iam.googleapis.com/v1/projects/saweg-f8c50/serviceAccounts/firebase-app-hosting-compute@saweg-f8c50.iam.gserviceaccount.com:testIamPermissions {"permissions":["iam.serviceAccounts.actAs"]}
[debug] [2026-03-13T05:38:19.614Z] <<< [apiv2][status] POST https://iam.googleapis.com/v1/projects/saweg-f8c50/serviceAccounts/firebase-app-hosting-compute@saweg-f8c50.iam.gserviceaccount.com:testIamPermissions 404
[debug] [2026-03-13T05:38:19.614Z] <<< [apiv2][body] POST https://iam.googleapis.com/v1/projects/saweg-f8c50/serviceAccounts/firebase-app-hosting-compute@saweg-f8c50.iam.gserviceaccount.com:testIamPermissions {"error":{"code":404,"message":"Unknown service account","status":"NOT_FOUND"}}
[debug] [2026-03-13T05:38:19.615Z] Checked if tokens are valid: true, expires at: 1773383873806
[debug] [2026-03-13T05:38:19.615Z] Checked if tokens are valid: true, expires at: 1773383873806
[debug] [2026-03-13T05:38:19.615Z] >>> [apiv2][query] POST https://iam.googleapis.com/v1/projects/saweg-f8c50/serviceAccounts [none]
[debug] [2026-03-13T05:38:19.615Z] >>> [apiv2][body] POST https://iam.googleapis.com/v1/projects/saweg-f8c50/serviceAccounts {"accountId":"firebase-app-hosting-compute","serviceAccount":{"displayName":"Firebase App Hosting compute service account","description":"Default service account used to run builds and deploys for Firebase App Hosting"}}
[debug] [2026-03-13T05:38:20.487Z] <<< [apiv2][status] POST https://iam.googleapis.com/v1/projects/saweg-f8c50/serviceAccounts 200
[debug] [2026-03-13T05:38:20.487Z] <<< [apiv2][body] POST https://iam.googleapis.com/v1/projects/saweg-f8c50/serviceAccounts [omitted]
[debug] [2026-03-13T05:38:20.487Z] Checked if tokens are valid: true, expires at: 1773383873806
[debug] [2026-03-13T05:38:20.487Z] Checked if tokens are valid: true, expires at: 1773383873806
[debug] [2026-03-13T05:38:20.487Z] >>> [apiv2][query] POST https://cloudresourcemanager.googleapis.com/v1/projects/saweg-f8c50:getIamPolicy [none]
[debug] [2026-03-13T05:38:21.447Z] <<< [apiv2][status] POST https://cloudresourcemanager.googleapis.com/v1/projects/saweg-f8c50:getIamPolicy 200
[debug] [2026-03-13T05:38:21.447Z] <<< [apiv2][body] POST https://cloudresourcemanager.googleapis.com/v1/projects/saweg-f8c50:getIamPolicy {"version":1,"etag":"BwZM4UW5JWk=","bindings":[{"role":"roles/cloudbuild.builds.builder","members":["serviceAccount:175029709733@cloudbuild.gserviceaccount.com"]},{"role":"roles/cloudbuild.serviceAgent","members":["serviceAccount:service-175029709733@gcp-sa-cloudbuild.iam.gserviceaccount.com"]},{"role":"roles/compute.instanceGroupManagerServiceAgent","members":["serviceAccount:175029709733@cloudservices.gserviceaccount.com"]},{"role":"roles/compute.serviceAgent","members":["serviceAccount:service-175029709733@compute-system.iam.gserviceaccount.com"]},{"role":"roles/containerregistry.ServiceAgent","members":["serviceAccount:service-175029709733@containerregistry.iam.gserviceaccount.com"]},{"role":"roles/editor","members":["serviceAccount:175029709733-compute@developer.gserviceaccount.com"]},{"role":"roles/firebase.managementServiceAgent","members":["serviceAccount:service-175029709733@gcp-sa-firebase.iam.gserviceaccount.com"]},{"role":"roles/firebase.sdkAdminServiceAgent","members":["serviceAccount:firebase-adminsdk-fbsvc@saweg-f8c50.iam.gserviceaccount.com"]},{"role":"roles/firebaseauth.admin","members":["serviceAccount:firebase-adminsdk-fbsvc@saweg-f8c50.iam.gserviceaccount.com"]},{"role":"roles/firebasestorage.serviceAgent","members":["serviceAccount:service-175029709733@gcp-sa-firebasestorage.iam.gserviceaccount.com"]},{"role":"roles/iam.serviceAccountTokenCreator","members":["serviceAccount:firebase-adminsdk-fbsvc@saweg-f8c50.iam.gserviceaccount.com"]},{"role":"roles/owner","members":["user:tasnim.nefzi@esprit.tn"]},{"role":"roles/run.serviceAgent","members":["serviceAccount:service-175029709733@serverless-robot-prod.iam.gserviceaccount.com"]},{"role":"roles/storage.admin","members":["serviceAccount:firebase-adminsdk-fbsvc@saweg-f8c50.iam.gserviceaccount.com"]}]}
[debug] [2026-03-13T05:38:21.447Z] Checked if tokens are valid: true, expires at: 1773383873806
[debug] [2026-03-13T05:38:21.447Z] Checked if tokens are valid: true, expires at: 1773383873806
[debug] [2026-03-13T05:38:21.448Z] >>> [apiv2][query] POST https://cloudresourcemanager.googleapis.com/v1/projects/saweg-f8c50:setIamPolicy [none]
[debug] [2026-03-13T05:38:21.448Z] >>> [apiv2][body] POST https://cloudresourcemanager.googleapis.com/v1/projects/saweg-f8c50:setIamPolicy {"policy":{"version":1,"etag":"BwZM4UW5JWk=","bindings":[{"role":"roles/cloudbuild.builds.builder","members":["serviceAccount:175029709733@cloudbuild.gserviceaccount.com"]},{"role":"roles/cloudbuild.serviceAgent","members":["serviceAccount:service-175029709733@gcp-sa-cloudbuild.iam.gserviceaccount.com"]},{"role":"roles/compute.instanceGroupManagerServiceAgent","members":["serviceAccount:175029709733@cloudservices.gserviceaccount.com"]},{"role":"roles/compute.serviceAgent","members":["serviceAccount:service-175029709733@compute-system.iam.gserviceaccount.com"]},{"role":"roles/containerregistry.ServiceAgent","members":["serviceAccount:service-175029709733@containerregistry.iam.gserviceaccount.com"]},{"role":"roles/editor","members":["serviceAccount:175029709733-compute@developer.gserviceaccount.com"]},{"role":"roles/firebase.managementServiceAgent","members":["serviceAccount:service-175029709733@gcp-sa-firebase.iam.gserviceaccount.com"]},{"role":"roles/firebase.sdkAdminServiceAgent","members":["serviceAccount:firebase-adminsdk-fbsvc@saweg-f8c50.iam.gserviceaccount.com","serviceAccount:firebase-app-hosting-compute@saweg-f8c50.iam.gserviceaccount.com"]},{"role":"roles/firebaseauth.admin","members":["serviceAccount:firebase-adminsdk-fbsvc@saweg-f8c50.iam.gserviceaccount.com"]},{"role":"roles/firebasestorage.serviceAgent","members":["serviceAccount:service-175029709733@gcp-sa-firebasestorage.iam.gserviceaccount.com"]},{"role":"roles/iam.serviceAccountTokenCreator","members":["serviceAccount:firebase-adminsdk-fbsvc@saweg-f8c50.iam.gserviceaccount.com"]},{"role":"roles/owner","members":["user:tasnim.nefzi@esprit.tn"]},{"role":"roles/run.serviceAgent","members":["serviceAccount:service-175029709733@serverless-robot-prod.iam.gserviceaccount.com"]},{"role":"roles/storage.admin","members":["serviceAccount:firebase-adminsdk-fbsvc@saweg-f8c50.iam.gserviceaccount.com"]},{"role":"roles/firebaseapphosting.computeRunner","members":["serviceAccount:firebase-app-hosting-compute@saweg-f8c50.iam.gserviceaccount.com"]},{"role":"roles/developerconnect.readTokenAccessor","members":["serviceAccount:firebase-app-hosting-compute@saweg-f8c50.iam.gserviceaccount.com"]},{"role":"roles/storage.objectViewer","members":["serviceAccount:firebase-app-hosting-compute@saweg-f8c50.iam.gserviceaccount.com"]}]},"updateMask":"bindings"}
